2022-06-07 14:30:48 下午 [Thread: JavaFX Application Thread][ Class:LogRegWindow.LogRegWindow >> Method: Utils.Log.PackageCtoAsLoginContent(Log.java:113) ]
INFO:PackageCtoAsLogin明文内容：
   IDc(账号)：2222222222 IDtgs192.168.43.205 TS(时间戳)：1654583448048 password(MD5加密)：[91, 45, 50, 57, 44, 32, 45, 53, 48, 44, 32, 45, 55, 53, 44, 32, 45, 49, 50, 48, 44, 32, 50, 54, 44, 32, 49, 48, 44, 32, 51, 49, 44, 32, 45, 51, 56, 44, 32, 45, 56, 51, 44, 32, 49, 44, 32, 52, 49, 44, 32, 49, 48, 57, 44, 32, 49, 49, 55, 44, 32, 56, 52, 44, 32, 45, 49, 50, 50, 44, 32, 45, 49, 49, 53, 93]
2022-06-07 14:30:48 下午 [Thread: JavaFX Application Thread][ Class:LogRegWindow.LogRegWindow >> Method: Utils.Log.PackageCtoAsLoginContent(Log.java:116) ]
INFO:PackageCtoAsLogin密文内容：
   [-40, -124, -80, -10, 90, -99, 126, 121, 61, -27, 90, -112, -33, 15, -11, -24, 61, -27, 90, -112, -33, 15, -11, -24, -13, -91, 62, -126, -14, 67, -101, -70, -23, -107, -81, -61, -96, -39, 37, -91, 32, -47, 100, 28, -81, 40, 11, -109, 72, 49, 11, -51, 88, 19, 115, -32, 47, 4, -92, -39, -101, -76, 47, 18, -21, 14, 7, -31, -58, -84, 85, -5, 115, -32, -101, 117, 88, 90, 54, -41, 27, -42, 34, 122, -3, 20, -80, -115, -19, -6, -14, 111, 100, 94, 4, -41, 11, -16, -120, 87, 81, -7, -104, -20, -102, 109, 62, -48, -108, -46, -3, 115, -27, -20, 66, 61, 107, 59, 55, -9]
2022-06-07 14:30:48 下午 [Thread: JavaFX Application Thread][ Class:LogRegWindow.LogRegWindow >> Method: Utils.Log.sendPackageLog(Log.java:13) ]
DEBUG:客户端IDc：2222222222 发送 PackageCtoAsLogin 到 192.168.43.248
2022-06-07 14:30:48 下午 [Thread: JavaFX Application Thread][ Class:LogRegWindow.LogRegWindow >> Method: Utils.Log.receivePackageLog(Log.java:19) ]
DEBUG:192.168.43.248 接收 PackageAstoCAuth 来自 2222222222
2022-06-07 14:30:48 下午 [Thread: JavaFX Application Thread][ Class:LogRegWindow.LogRegWindow >> Method: Utils.Log.AuthLog(Log.java:68) ]
DEBUG:客户端IDc：2222222222 与 AS认证成功！
2022-06-07 14:30:48 下午 [Thread: JavaFX Application Thread][ Class:LogRegWindow.LogRegWindow >> Method: Utils.Log.PackageAStoCAuthContent(Log.java:131) ]
INFO:PackageAstoCAuth密文内容：
   [0, 0, 0, 1, 48, -66, 109, 87, 74, -116, -11, -117, 34, -119, 91, 35, 88, -39, -122, -101, 23, -27, 57, 66, 92, 73, -18, -21, 14, -43, -42, 53, 126, 56, 124, -85, -29, 121, -61, -123, 115, 91, -54, 56, -36, -12, 71, 95, 28, 17, 126, 40, 64, -11, -108, -35, -28, -5, -13, 90, 123, -20, 52, 112, 28, -91, 32, 89, 13, 90, 63, 1, 125, 45, -24, 39, -57, 48, 95, 65, -50, 7, -123, -19, -88, -74, -27, 111, -87, -38, -50, 86, -102, -21, 14, 7, -31, -58, -84, 85, -5, 115, -32, -101, 117, 88, 90, 54, -41, 12, -84, 15, 72, 50, 87, -103, -11, -107, 88, -87, -59, -77, 6, 16, -19, 47, 88, -13, -78, 126, -42, -18, -127, 51, -2, 95, 29, 119, 115, -23, -103, -77, -77, 9, -25, 56, 25, -28, 62, -86, -40, -71, -30, 16, 109, -68, -117, 7, 2, -60, -24, -68, 68, 124, 89, 2, -118, -17, -99, -54, -21, 121, 2, 4, 36, -90, -107, 84, -93, -15, 27, 24, -127, 41, 58, 17, 60, -52, -124, -81, -48, 124, 4, 27, 46, 14, -46, 37, 124, -71, 99, -47, 49, -110, -84, 4, 36, -90, -107, 84, -93, -15, 27, 24, -127, 41, 58, 17, 60, -52, -124, -16, 72, -76, 81, 18, 66, 5, -46, 31, 80, -46, -3, -69, -104, -75, 68, -95, 83, -73, -32, 85, 57, 107, -88, 60, 117, -122, 58, -56, 5, -52, -121, 48, -32, -16, 2, -104, 73, 75, 61, 0, -54, -11, 55, 82, 0, -61, -127, 58, 35, 40, -108, -96, -106, 48, 13, -3, -32, -30, -66, -96, -58, 3, -43, -12, 92, -15, 82, 106, -14, -56, -57, -28, 74, 18, 114, -114, 102, 60, 27, -40, -99, -49, -18, -94, -28, 70, 18]
2022-06-07 14:30:48 下午 [Thread: JavaFX Application Thread][ Class:LogRegWindow.LogRegWindow >> Method: Utils.Log.PackageAStoCAuthContent(Log.java:127) ]
INFO:PackageAstoCAuth明文内容：
   KcTgs：12345678 IDtgs192.168.43.38 TS(时间戳)：1654583448403 Lifetime：1654583448403
   TicketTgs：
      [-79, -50, -63, 23, -90, 22, -120, -126, -119, 91, 35, 88, -39, -122, -101, 23, -27, 57, 66, 92, 73, -18, -21, 14, 107, 70, -69, 18, -24, -104, -74, -24, 61, -27, 90, -112, -33, 15, -11, -24, 61, -27, 90, -112, -33, 15, -11, -24, -58, -24, 77, -47, -56, -124, -88, -84, 121, -61, -123, 115, 91, -54, 56, -36, -12, 71, 95, 28, 17, 126, 40, 64, -28, -53, 11, 78, -94, -77, 87, -92, -58, -24, 77, -47, -56, -124, -88, -84, 121, -61, -123, 115, 91, -54, 56, -36, -12, 71, 95, 28, 17, 126, 40, 64, 89, 15, 21, 71, -53, -1, 87, 25, 92, 79, -7, -122, 64, -99, 71, -49, 66, 32, 103, 27, -7, 82, -124, 18, -71, 76, -86, 88, 30, 54, 15, 113, 85, 4, 16, 127, -83, 51, -52, 96, -20, 52, 112, 28, -91, 32, 89, 13, 90, 63, 1, 125, 45, -24, 39, -57, 48, 95, 65, -50, 7, -123, -19, -88, 92, -24, -91, 53, 16, -10, -48, -22]
2022-06-07 14:30:48 下午 [Thread: JavaFX Application Thread][ Class:LogRegWindow.LogRegWindow >> Method: Utils.Log.PackageCtoTGSAuthContent(Log.java:142) ]
INFO:PackageCtoTGSAuth明文内容：
   IDv：192.168.43.38
   TicketTgs：
      [-79, -50, -63, 23, -90, 22, -120, -126, -119, 91, 35, 88, -39, -122, -101, 23, -27, 57, 66, 92, 73, -18, -21, 14, 107, 70, -69, 18, -24, -104, -74, -24, 61, -27, 90, -112, -33, 15, -11, -24, 61, -27, 90, -112, -33, 15, -11, -24, -58, -24, 77, -47, -56, -124, -88, -84, 121, -61, -123, 115, 91, -54, 56, -36, -12, 71, 95, 28, 17, 126, 40, 64, -28, -53, 11, 78, -94, -77, 87, -92, -58, -24, 77, -47, -56, -124, -88, -84, 121, -61, -123, 115, 91, -54, 56, -36, -12, 71, 95, 28, 17, 126, 40, 64, 89, 15, 21, 71, -53, -1, 87, 25, 92, 79, -7, -122, 64, -99, 71, -49, 66, 32, 103, 27, -7, 82, -124, 18, -71, 76, -86, 88, 30, 54, 15, 113, 85, 4, 16, 127, -83, 51, -52, 96, -20, 52, 112, 28, -91, 32, 89, 13, 90, 63, 1, 125, 45, -24, 39, -57, 48, 95, 65, -50, 7, -123, -19, -88, 92, -24, -91, 53, 16, -10, -48, -22]
   Authenticator：
      IDc：2222222222 ADc：192.168.43.248 TS(时间戳):1654583448429
2022-06-07 14:30:48 下午 [Thread: JavaFX Application Thread][ Class:LogRegWindow.LogRegWindow >> Method: Utils.Log.PackageCtoTGSAuthContent(Log.java:146) ]
INFO:PackageCtoTGSAuth密文内容(Authenticator)：
   [119, -79, -40, 97, 13, 105, -26, 38, -8, -58, -119, 67, 78, 70, -77, 1, -8, -58, -119, 67, 78, 70, -77, 1, -60, -6, 91, 16, -30, 50, -62, 17, -117, 125, -61, 104, -93, 46, -108, -30, 70, 9, 41, -61, 108, -52, -38, -10, 107, -48, -126, 86, -6, 127, -107, -58, 34, 99, -10, 20, -16, -1, -120, 87, 11, -31, -16, -59, -90, -77, -56, 40, -52, 67, -53, -55, -126, 16, -42, -30, -15, 108, -93, -108, 117, -69, 31, 61, -57, 51, -6, 6, -50, 0, -95, 43, -98, -54, -64, -105, -94, 26, -45, 101]
2022-06-07 14:30:48 下午 [Thread: JavaFX Application Thread][ Class:LogRegWindow.LogRegWindow >> Method: Utils.Log.sendPackageLog(Log.java:13) ]
DEBUG:客户端IDc：2222222222 发送 PackageCtoTgs 到 192.168.43.205
2022-06-07 14:30:48 下午 [Thread: JavaFX Application Thread][ Class:LogRegWindow.LogRegWindow >> Method: Utils.Log.receivePackageLog(Log.java:19) ]
DEBUG:192.168.43.205 接收 PackageTgstoC 来自 2222222222
2022-06-07 14:30:48 下午 [Thread: JavaFX Application Thread][ Class:LogRegWindow.LogRegWindow >> Method: Utils.Log.AuthLog(Log.java:68) ]
DEBUG:客户端IDc：2222222222 与 TGS认证成功！
2022-06-07 14:30:48 下午 [Thread: JavaFX Application Thread][ Class:LogRegWindow.LogRegWindow >> Method: Utils.Log.PackageTgstoCContent(Log.java:161) ]
INFO:PackageTgstoC密文内容(Authenticator)：
   [4, 0, 0, 1, 24, -97, -76, -55, -23, -38, -100, 127, -67, -119, 91, 35, 88, -39, -122, -101, 23, -27, 57, 66, 92, 73, -18, -21, 14, -43, -42, 53, 126, 56, 124, -85, -29, 121, -61, -123, 115, 91, -54, 56, -36, -12, 71, 95, 28, 17, 126, 40, 64, -11, -108, -35, -28, -5, -13, 90, 123, -23, 17, -59, 12, -40, -114, -4, -89, -41, -124, 122, -102, -5, -20, 10, -60, 45, -74, 125, 20, 35, 40, 40, 90, 127, -119, 53, 99, 113, 117, 126, 118, -30, 43, 108, -61, 67, 17, -51, 16, -83, 90, 95, 46, 10, -66, 10, -120, 110, -3, 113, 48, -124, -120, -29, -9, 17, -64, 98, -112, -86, -88, -8, 28, -23, -111, -43, 73, 112, 83, 123, 36, 4, 4, 67, 45, -76, -38, 11, -20, 94, 53, -71, -104, -78, 76, -125, 92, -72, 122, -64, 110, -59, -5, 34, -52, 9, 48, 81, 22, -10, -104, 105, -9, 83, 46, -90, -14, -20, 105, -75, 40, 57, -113, 114, -64, -67, 55, -124, 88, -19, 38, 57, 113, -8, 93, 125, 22, 63, -5, 77, -54, 75, -114, -9, -109, 83, 46, -90, -14, -20, 105, -75, 40, -17, -68, -52, -120, -24, -31, 37, 0, -19, -107, 18, -86, -51, -119, -91, 85, -67, -82, -79, -114, -90, -73, 106, -95, -24, -46, 11, 118, 78, 38, 65, -123, 70, -30, -50, -30, 45, -26, -34, 50, -127, 114, 127, -99, -72, 31, 65, -125, 112, -30, -115, 11, 2, -93, -118, 13, -109, 108, 2, -49, 110, -28, -83, 17, 83, -34, 85, 16, 108, 85, -128, -55, -109, 112, 10, 112, -18, 34, -18, -97]
2022-06-07 14:30:48 下午 [Thread: JavaFX Application Thread][ Class:LogRegWindow.LogRegWindow >> Method: Utils.Log.PackageTgstoCContent(Log.java:157) ]
INFO:PackageTgstoC明文内容：
   Kcv：12345678 IDv：192.168.43.38 TS(时间戳)2022-06-07 14:30:48
   TicketV：
      [-24, -107, -66, -128, -111, -70, 109, -113, -119, 91, 35, 88, -39, -122, -101, 23, -27, 57, 66, 92, 73, -18, -21, 14, 107, 70, -69, 18, -24, -104, -74, -24, 61, -27, 90, -112, -33, 15, -11, -24, 61, -27, 90, -112, -33, 15, -11, -24, -58, -24, 77, -47, -56, -124, -88, -84, 121, -61, -123, 115, 91, -54, 56, -36, -12, 71, 95, 28, 17, 126, 40, 64, -28, -53, 11, 78, -94, -77, 87, -92, -43, -42, 53, 126, 56, 124, -85, -29, 121, -61, -123, 115, 91, -54, 56, -36, -12, 71, 95, 28, 17, 126, 40, 64, -11, -108, -35, -28, -5, -13, 90, 123, -23, 17, -59, 12, -40, -114, -4, -89, -41, -124, 122, -102, -5, -20, 10, -60, 45, -74, 125, 20, 35, 40, 40, 90, 127, -119, 53, 99, 113, 117, 126, 118, -30, 43, 108, -61, 67, 17, -51, 16, 121, -98, -45, 19, -120, 47, 11, -79, 0, -60, -103, -72, -5, -97, -31, -45]
2022-06-07 14:30:48 下午 [Thread: JavaFX Application Thread][ Class:LogRegWindow.LogRegWindow >> Method: Utils.Log.PackageCtoVAuthContent(Log.java:172) ]
INFO:PackageCtoVAuth明文内容：
   TicketV：
      [-24, -107, -66, -128, -111, -70, 109, -113, -119, 91, 35, 88, -39, -122, -101, 23, -27, 57, 66, 92, 73, -18, -21, 14, 107, 70, -69, 18, -24, -104, -74, -24, 61, -27, 90, -112, -33, 15, -11, -24, 61, -27, 90, -112, -33, 15, -11, -24, -58, -24, 77, -47, -56, -124, -88, -84, 121, -61, -123, 115, 91, -54, 56, -36, -12, 71, 95, 28, 17, 126, 40, 64, -28, -53, 11, 78, -94, -77, 87, -92, -43, -42, 53, 126, 56, 124, -85, -29, 121, -61, -123, 115, 91, -54, 56, -36, -12, 71, 95, 28, 17, 126, 40, 64, -11, -108, -35, -28, -5, -13, 90, 123, -23, 17, -59, 12, -40, -114, -4, -89, -41, -124, 122, -102, -5, -20, 10, -60, 45, -74, 125, 20, 35, 40, 40, 90, 127, -119, 53, 99, 113, 117, 126, 118, -30, 43, 108, -61, 67, 17, -51, 16, 121, -98, -45, 19, -120, 47, 11, -79, 0, -60, -103, -72, -5, -97, -31, -45]
   Authenticator：
      IDc：2222222222 ADc：192.168.43.248 TS(时间戳):1654583448614
2022-06-07 14:30:48 下午 [Thread: JavaFX Application Thread][ Class:LogRegWindow.LogRegWindow >> Method: Utils.Log.PackageCtoVAuthContent(Log.java:175) ]
INFO:PackageCtoVAuth密文内容(Authenticator)：
   [119, -79, -40, 97, 13, 105, -26, 38, -8, -58, -119, 67, 78, 70, -77, 1, -8, -58, -119, 67, 78, 70, -77, 1, -60, -6, 91, 16, -30, 50, -62, 17, -117, 125, -61, 104, -93, 46, -108, -30, 70, 9, 41, -61, 108, -52, -38, -10, 107, -48, -126, 86, -6, 127, -107, -58, 34, 99, -10, 20, -16, -1, -120, 87, 11, -31, -16, -59, -90, -77, -56, 40, -52, 67, -53, -55, -126, 16, -42, -30, -27, 49, -69, 98, 3, -56, -105, -46, -5, 74, -60, 58, 55, 49, -125, -92, -98, -54, -64, -105, -94, 26, -45, 101]
2022-06-07 14:30:48 下午 [Thread: JavaFX Application Thread][ Class:LogRegWindow.LogRegWindow >> Method: Utils.Log.sendPackageLog(Log.java:13) ]
DEBUG:客户端IDc：2222222222 发送 PackageCtoVAuth 到 192.168.43.38
2022-06-07 14:30:48 下午 [Thread: JavaFX Application Thread][ Class:LogRegWindow.LogRegWindow >> Method: Utils.Log.receivePackageLog(Log.java:19) ]
DEBUG:192.168.43.38 接收 PackageVtoCAuth 来自 2222222222
2022-06-07 14:30:48 下午 [Thread: JavaFX Application Thread][ Class:LogRegWindow.LogRegWindow >> Method: Utils.Log.AuthLog(Log.java:68) ]
DEBUG:客户端IDc：2222222222 与 服务器V认证成功！
2022-06-07 14:30:48 下午 [Thread: JavaFX Application Thread][ Class:LogRegWindow.LogRegWindow >> Method: Utils.Log.loginLog(Log.java:43) ]
DEBUG:客户端IDc2222222222登录成功！
2022-06-07 14:31:21 下午 [Thread: JavaFX Application Thread][ Class:LogRegWindow.LogRegWindow >> Method: Utils.Log.PackageCtoAsLoginContent(Log.java:113) ]
INFO:PackageCtoAsLogin明文内容：
   IDc(账号)：2222222222 IDtgs192.168.43.205 TS(时间戳)：1654583481329 password(MD5加密)：[91, 45, 50, 57, 44, 32, 45, 53, 48, 44, 32, 45, 55, 53, 44, 32, 45, 49, 50, 48, 44, 32, 50, 54, 44, 32, 49, 48, 44, 32, 51, 49, 44, 32, 45, 51, 56, 44, 32, 45, 56, 51, 44, 32, 49, 44, 32, 52, 49, 44, 32, 49, 48, 57, 44, 32, 49, 49, 55, 44, 32, 56, 52, 44, 32, 45, 49, 50, 50, 44, 32, 45, 49, 49, 53, 93]
2022-06-07 14:31:21 下午 [Thread: JavaFX Application Thread][ Class:LogRegWindow.LogRegWindow >> Method: Utils.Log.PackageCtoAsLoginContent(Log.java:116) ]
INFO:PackageCtoAsLogin密文内容：
   [-40, -124, -80, -10, 90, -99, 126, 121, 61, -27, 90, -112, -33, 15, -11, -24, 61, -27, 90, -112, -33, 15, -11, -24, -13, -91, 62, -126, -14, 67, -101, -70, -23, -107, -81, -61, -96, -39, 37, -91, 32, -47, 100, 28, -81, 40, 11, -109, 72, 49, 11, -51, 88, 19, 115, -32, 47, 4, -92, -39, -101, -76, 47, 18, -21, 14, 7, -31, -58, -84, 85, -5, 115, -32, -101, 117, 88, 90, 54, -41, 55, -30, 7, 93, -118, -119, 107, 121, 119, 0, 4, -101, -116, 31, 116, 22, 11, -16, -120, 87, 81, -7, -104, -20, -102, 109, 62, -48, -108, -46, -3, 115, -27, -20, 66, 61, 107, 59, 55, -9]
2022-06-07 14:31:21 下午 [Thread: JavaFX Application Thread][ Class:LogRegWindow.LogRegWindow >> Method: Utils.Log.sendPackageLog(Log.java:13) ]
DEBUG:客户端IDc：2222222222 发送 PackageCtoAsLogin 到 192.168.43.248
2022-06-07 14:31:21 下午 [Thread: JavaFX Application Thread][ Class:LogRegWindow.LogRegWindow >> Method: Utils.Log.receivePackageLog(Log.java:19) ]
DEBUG:192.168.43.248 接收 PackageAstoCAuth 来自 2222222222
2022-06-07 14:31:21 下午 [Thread: JavaFX Application Thread][ Class:LogRegWindow.LogRegWindow >> Method: Utils.Log.AuthLog(Log.java:68) ]
DEBUG:客户端IDc：2222222222 与 AS认证成功！
2022-06-07 14:31:21 下午 [Thread: JavaFX Application Thread][ Class:LogRegWindow.LogRegWindow >> Method: Utils.Log.PackageAStoCAuthContent(Log.java:131) ]
INFO:PackageAstoCAuth密文内容：
   [0, 0, 0, 1, 48, -66, 109, 87, 74, -116, -11, -117, 34, -119, 91, 35, 88, -39, -122, -101, 23, -27, 57, 66, 92, 73, -18, -21, 14, -43, -42, 53, 126, 56, 124, -85, -29, 121, -61, -123, 115, 91, -54, 56, -36, -12, 71, 95, 28, 17, 126, 40, 64, -11, -108, -35, -28, -5, -13, 90, 123, -20, 52, 112, 28, -91, 32, 89, 13, 90, 63, 1, 125, 45, -24, 39, -57, -117, 64, 60, 78, 94, -45, 64, 117, -15, 117, -5, -67, 38, 13, -96, -20, -21, 14, 7, -31, -58, -84, 85, -5, 115, -32, -101, 117, 88, 90, 54, -41, 93, 89, 121, 85, 12, -81, -75, 125, -117, 93, 77, -119, -14, -125, 6, 66, 47, 88, -13, -78, 126, -42, -18, -127, 51, -2, 95, 29, 119, 115, -23, -103, -77, -77, 9, -25, 56, 25, -28, 62, -86, -40, -71, -30, 16, 109, -68, -117, 7, 2, -60, -24, -68, 68, 124, 89, 2, -118, -17, -99, -54, -21, 121, 2, 4, 36, -90, -107, 84, -93, -15, 27, 24, -127, 41, 58, 17, 60, -52, -124, -81, -48, 124, 4, 27, 46, 14, -46, 37, 124, -71, 99, -47, 49, -110, -84, 4, 36, -90, -107, 84, -93, -15, 27, 24, -127, 41, 58, 17, 60, -52, -124, -16, 72, -76, 81, 18, 66, 5, -46, 31, 80, -46, -3, -69, -104, -75, 68, -95, 83, -73, -32, 85, 57, 107, -88, -1, -92, -77, -116, -80, -21, -92, 73, 72, -115, 29, 20, 107, 47, -101, -3, 104, -74, -109, -13, 9, -44, -49, 112, 58, 35, 40, -108, -96, -106, 48, 13, 4, 25, -86, 6, -101, -61, -12, 84, 65, -41, -108, 29, -111, 32, 6, 112, 30, -22, 27, 109, 45, -2, -81, 40, -40, -99, -49, -18, -94, -28, 70, 18]
2022-06-07 14:31:21 下午 [Thread: JavaFX Application Thread][ Class:LogRegWindow.LogRegWindow >> Method: Utils.Log.PackageAStoCAuthContent(Log.java:127) ]
INFO:PackageAstoCAuth明文内容：
   KcTgs：12345678 IDtgs192.168.43.38 TS(时间戳)：1654583481442 Lifetime：1654583481442
   TicketTgs：
      [-79, -50, -63, 23, -90, 22, -120, -126, -119, 91, 35, 88, -39, -122, -101, 23, -27, 57, 66, 92, 73, -18, -21, 14, 107, 70, -69, 18, -24, -104, -74, -24, 61, -27, 90, -112, -33, 15, -11, -24, 61, -27, 90, -112, -33, 15, -11, -24, -58, -24, 77, -47, -56, -124, -88, -84, 121, -61, -123, 115, 91, -54, 56, -36, -12, 71, 95, 28, 17, 126, 40, 64, -28, -53, 11, 78, -94, -77, 87, -92, -58, -24, 77, -47, -56, -124, -88, -84, 121, -61, -123, 115, 91, -54, 56, -36, -12, 71, 95, 28, 17, 126, 40, 64, 89, 15, 21, 71, -53, -1, 87, 25, 92, 79, -7, -122, 64, -99, 71, -49, 66, 32, 103, 27, -7, 82, -124, 18, 42, 49, -110, -4, -76, -23, -57, 53, -16, 61, -116, 85, -81, -48, 88, -22, -20, 52, 112, 28, -91, 32, 89, 13, 90, 63, 1, 125, 45, -24, 39, -57, -117, 64, 60, 78, 94, -45, 64, 117, -47, 18, 93, -24, 51, 25, 93, 29]
2022-06-07 14:31:21 下午 [Thread: JavaFX Application Thread][ Class:LogRegWindow.LogRegWindow >> Method: Utils.Log.PackageCtoTGSAuthContent(Log.java:142) ]
INFO:PackageCtoTGSAuth明文内容：
   IDv：192.168.43.38
   TicketTgs：
      [-79, -50, -63, 23, -90, 22, -120, -126, -119, 91, 35, 88, -39, -122, -101, 23, -27, 57, 66, 92, 73, -18, -21, 14, 107, 70, -69, 18, -24, -104, -74, -24, 61, -27, 90, -112, -33, 15, -11, -24, 61, -27, 90, -112, -33, 15, -11, -24, -58, -24, 77, -47, -56, -124, -88, -84, 121, -61, -123, 115, 91, -54, 56, -36, -12, 71, 95, 28, 17, 126, 40, 64, -28, -53, 11, 78, -94, -77, 87, -92, -58, -24, 77, -47, -56, -124, -88, -84, 121, -61, -123, 115, 91, -54, 56, -36, -12, 71, 95, 28, 17, 126, 40, 64, 89, 15, 21, 71, -53, -1, 87, 25, 92, 79, -7, -122, 64, -99, 71, -49, 66, 32, 103, 27, -7, 82, -124, 18, 42, 49, -110, -4, -76, -23, -57, 53, -16, 61, -116, 85, -81, -48, 88, -22, -20, 52, 112, 28, -91, 32, 89, 13, 90, 63, 1, 125, 45, -24, 39, -57, -117, 64, 60, 78, 94, -45, 64, 117, -47, 18, 93, -24, 51, 25, 93, 29]
   Authenticator：
      IDc：2222222222 ADc：192.168.43.248 TS(时间戳):1654583481457
2022-06-07 14:31:21 下午 [Thread: JavaFX Application Thread][ Class:LogRegWindow.LogRegWindow >> Method: Utils.Log.PackageCtoTGSAuthContent(Log.java:146) ]
INFO:PackageCtoTGSAuth密文内容(Authenticator)：
   [119, -79, -40, 97, 13, 105, -26, 38, -8, -58, -119, 67, 78, 70, -77, 1, -8, -58, -119, 67, 78, 70, -77, 1, -60, -6, 91, 16, -30, 50, -62, 17, -117, 125, -61, 104, -93, 46, -108, -30, 70, 9, 41, -61, 108, -52, -38, -10, 107, -48, -126, 86, -6, 127, -107, -58, 34, 99, -10, 20, -16, -1, -120, 87, 11, -31, -16, -59, -90, -77, -56, 40, -52, 67, -53, -55, -126, 16, -42, -30, -8, 108, -115, -4, 23, 93, -63, 13, 9, 53, -66, 5, -105, 25, 74, 21, -98, -54, -64, -105, -94, 26, -45, 101]
2022-06-07 14:31:21 下午 [Thread: JavaFX Application Thread][ Class:LogRegWindow.LogRegWindow >> Method: Utils.Log.sendPackageLog(Log.java:13) ]
DEBUG:客户端IDc：2222222222 发送 PackageCtoTgs 到 192.168.43.205
2022-06-07 14:31:21 下午 [Thread: JavaFX Application Thread][ Class:LogRegWindow.LogRegWindow >> Method: Utils.Log.receivePackageLog(Log.java:19) ]
DEBUG:192.168.43.205 接收 PackageTgstoC 来自 2222222222
2022-06-07 14:31:21 下午 [Thread: JavaFX Application Thread][ Class:LogRegWindow.LogRegWindow >> Method: Utils.Log.AuthLog(Log.java:68) ]
DEBUG:客户端IDc：2222222222 与 TGS认证成功！
2022-06-07 14:31:21 下午 [Thread: JavaFX Application Thread][ Class:LogRegWindow.LogRegWindow >> Method: Utils.Log.PackageTgstoCContent(Log.java:161) ]
INFO:PackageTgstoC密文内容(Authenticator)：
   [4, 0, 0, 1, 24, -97, -76, -55, -23, -38, -100, 127, -67, -119, 91, 35, 88, -39, -122, -101, 23, -27, 57, 66, 92, 73, -18, -21, 14, -43, -42, 53, 126, 56, 124, -85, -29, 121, -61, -123, 115, 91, -54, 56, -36, -12, 71, 95, 28, 17, 126, 40, 64, -11, -108, -35, -28, -5, -13, 90, 123, -23, 17, -59, 12, -40, -114, -4, -89, -41, -124, 122, -102, -5, -20, 10, -60, 45, -74, 125, 20, 35, 40, 40, 90, 127, -119, 53, 99, 113, 117, 126, 118, 118, 106, 77, -92, -109, 32, 77, 76, -83, 90, 95, 46, 10, -66, 10, -120, 110, -3, 113, 48, -124, -120, -29, -9, 17, -64, 98, -112, -86, -88, -8, 28, -23, -111, -43, 73, 112, 83, 123, 36, 4, 4, 67, 45, -76, -38, 11, -20, 94, 53, -71, -104, -78, 76, -125, 92, -72, 122, -64, 110, -59, -5, 34, -52, 9, 48, 81, 22, -10, -104, 105, -9, 83, 46, -90, -14, -20, 105, -75, 40, 57, -113, 114, -64, -67, 55, -124, 88, -19, 38, 57, 113, -8, 93, 125, 22, 63, -5, 77, -54, 75, -114, -9, -109, 83, 46, -90, -14, -20, 105, -75, 40, -17, -68, -52, -120, -24, -31, 37, 0, -19, -107, 18, -86, -51, -119, -91, 85, -67, -82, -79, -114, -90, -73, 106, -95, -24, -46, 11, 118, 78, 38, 65, -123, 70, -30, -50, -30, 45, -26, -34, 50, 114, 22, 13, -25, -86, -11, -120, -31, 11, 84, -55, 89, -39, -3, 97, 112, -109, 108, 2, -49, 110, -28, -83, 17, 83, -34, 85, 16, 108, 85, -128, -55, -109, 112, 10, 112, -18, 34, -18, -97]
2022-06-07 14:31:21 下午 [Thread: JavaFX Application Thread][ Class:LogRegWindow.LogRegWindow >> Method: Utils.Log.PackageTgstoCContent(Log.java:157) ]
INFO:PackageTgstoC明文内容：
   Kcv：12345678 IDv：192.168.43.38 TS(时间戳)2022-06-07 14:31:21
   TicketV：
      [-24, -107, -66, -128, -111, -70, 109, -113, -119, 91, 35, 88, -39, -122, -101, 23, -27, 57, 66, 92, 73, -18, -21, 14, 107, 70, -69, 18, -24, -104, -74, -24, 61, -27, 90, -112, -33, 15, -11, -24, 61, -27, 90, -112, -33, 15, -11, -24, -58, -24, 77, -47, -56, -124, -88, -84, 121, -61, -123, 115, 91, -54, 56, -36, -12, 71, 95, 28, 17, 126, 40, 64, -28, -53, 11, 78, -94, -77, 87, -92, -43, -42, 53, 126, 56, 124, -85, -29, 121, -61, -123, 115, 91, -54, 56, -36, -12, 71, 95, 28, 17, 126, 40, 64, -11, -108, -35, -28, -5, -13, 90, 123, -23, 17, -59, 12, -40, -114, -4, -89, -41, -124, 122, -102, -5, -20, 10, -60, 45, -74, 125, 20, 35, 40, 40, 90, 127, -119, 53, 99, 113, 117, 126, 118, 118, 106, 77, -92, -109, 32, 77, 76, 121, -98, -45, 19, -120, 47, 11, -79, 0, -60, -103, -72, -5, -97, -31, -45]
2022-06-07 14:31:21 下午 [Thread: JavaFX Application Thread][ Class:LogRegWindow.LogRegWindow >> Method: Utils.Log.PackageCtoVAuthContent(Log.java:172) ]
INFO:PackageCtoVAuth明文内容：
   TicketV：
      [-24, -107, -66, -128, -111, -70, 109, -113, -119, 91, 35, 88, -39, -122, -101, 23, -27, 57, 66, 92, 73, -18, -21, 14, 107, 70, -69, 18, -24, -104, -74, -24, 61, -27, 90, -112, -33, 15, -11, -24, 61, -27, 90, -112, -33, 15, -11, -24, -58, -24, 77, -47, -56, -124, -88, -84, 121, -61, -123, 115, 91, -54, 56, -36, -12, 71, 95, 28, 17, 126, 40, 64, -28, -53, 11, 78, -94, -77, 87, -92, -43, -42, 53, 126, 56, 124, -85, -29, 121, -61, -123, 115, 91, -54, 56, -36, -12, 71, 95, 28, 17, 126, 40, 64, -11, -108, -35, -28, -5, -13, 90, 123, -23, 17, -59, 12, -40, -114, -4, -89, -41, -124, 122, -102, -5, -20, 10, -60, 45, -74, 125, 20, 35, 40, 40, 90, 127, -119, 53, 99, 113, 117, 126, 118, 118, 106, 77, -92, -109, 32, 77, 76, 121, -98, -45, 19, -120, 47, 11, -79, 0, -60, -103, -72, -5, -97, -31, -45]
   Authenticator：
      IDc：2222222222 ADc：192.168.43.248 TS(时间戳):1654583481503
2022-06-07 14:31:21 下午 [Thread: JavaFX Application Thread][ Class:LogRegWindow.LogRegWindow >> Method: Utils.Log.PackageCtoVAuthContent(Log.java:175) ]
INFO:PackageCtoVAuth密文内容(Authenticator)：
   [119, -79, -40, 97, 13, 105, -26, 38, -8, -58, -119, 67, 78, 70, -77, 1, -8, -58, -119, 67, 78, 70, -77, 1, -60, -6, 91, 16, -30, 50, -62, 17, -117, 125, -61, 104, -93, 46, -108, -30, 70, 9, 41, -61, 108, -52, -38, -10, 107, -48, -126, 86, -6, 127, -107, -58, 34, 99, -10, 20, -16, -1, -120, 87, 11, -31, -16, -59, -90, -77, -56, 40, -52, 67, -53, -55, -126, 16, -42, -30, -76, -125, -97, 73, -114, 60, 82, 8, -70, -91, 24, 78, 13, -42, 119, 59, -98, -54, -64, -105, -94, 26, -45, 101]
2022-06-07 14:31:21 下午 [Thread: JavaFX Application Thread][ Class:LogRegWindow.LogRegWindow >> Method: Utils.Log.sendPackageLog(Log.java:13) ]
DEBUG:客户端IDc：2222222222 发送 PackageCtoVAuth 到 192.168.43.38
2022-06-07 14:31:21 下午 [Thread: JavaFX Application Thread][ Class:LogRegWindow.LogRegWindow >> Method: Utils.Log.receivePackageLog(Log.java:19) ]
DEBUG:192.168.43.38 接收 PackageVtoCAuth 来自 2222222222
2022-06-07 14:31:21 下午 [Thread: JavaFX Application Thread][ Class:LogRegWindow.LogRegWindow >> Method: Utils.Log.AuthLog(Log.java:68) ]
DEBUG:客户端IDc：2222222222 与 服务器V认证成功！
2022-06-07 14:31:21 下午 [Thread: JavaFX Application Thread][ Class:LogRegWindow.LogRegWindow >> Method: Utils.Log.loginLog(Log.java:43) ]
DEBUG:客户端IDc2222222222登录成功！
2022-06-07 14:32:29 下午 [Thread: Thread-4][ Class:ClientWindow.CWindow$ReceiveMsg >> Method: Utils.Log.receivePackageLog(Log.java:19) ]
DEBUG:客户端IDc：2222222222 接收 PackageVtoCPublicMsg 来自 192.168.43.38
2022-06-07 14:32:29 下午 [Thread: Thread-4][ Class:ClientWindow.CWindow$ReceiveMsg >> Method: Utils.Log.PackageVtoCMsgContent(Log.java:201) ]
INFO:PackageVtoCMsg明文内容：
   SenderName：何澳 SenderID：4444444444 TS(时间戳)：1654583548349 Content：heao 数字签名：[59, -62, -35, 4, -100, 90, 4, -124, 45, 38, 40, -32, -81, 28, -102, 38, -36, 19, 103, -123, 15, 18, -97, -88, -74, 70, -3, 34, 64, 105, -41, 106, 21, 4, 71, 67, -4, 121, -36, -52, 45, 57, -57, 114, 101, 56, -121, -78, -36, -36, 89, -67, 87, 56, 123, -78, 71, -43, -101, -22, 75, 16, -35, -42, -35, 47, -2, -19, -96, -82, 34, 60, -106, -10, -47, -112, 70, 78, 91, 36, -64, 127, -2, -32, 17, -103, -23, -85, -102, 69, -53, -21, 74, -21, 110, -68, 35, 23, 116, -13, 20, -107, -43, -65, 107, -25, 24, -27, 31, 11, 47, 56, -110, -30, -13, 96, -64, -49, 3, -99, 41, 100, 1, -34, 32, 75, 92, 29, -16, -80, -54, 118, 27, 69, -59, 99, 42, -126, -45, -57, 74, 75, 60, -35, 24, 19, -101, 127, 66, 65, 41, -58, 103, 75, -62, -123, -127, 120, 72, 79, -126, 78, 20, -127, -90, 84, 125, -14, -35, 14, 9, 4, -101, 114, 38, 62, -91, -27, -122, -102, 10, 90, -84, 88, -43, -51, 70, 118, 20, 77, 24, 63, 62, -115, -48, -114, -16, 12, -69, 116, -107, -34, 47, -42, 97, 59, -19, -3, -97, 85, -80, -104, 67, -42, 60, 95, 4, -23, -65, 95, -110, -90, 104, 17, -40, 51, -58, 86, 111, -88, -14, 40, -55, -53, 81, 114, -85, -23, -79, -28, 119, -104, 43, -119, 54, -23, 32, -56, 73, -64, 115, 103, -33, 109, -84, -102]
2022-06-07 14:32:35 下午 [Thread: Thread-4][ Class:ClientWindow.CWindow$ReceiveMsg >> Method: Utils.Log.receivePackageLog(Log.java:19) ]
DEBUG:客户端IDc：2222222222 接收 PackageVtoCPublicMsg 来自 192.168.43.38
2022-06-07 14:32:35 下午 [Thread: Thread-4][ Class:ClientWindow.CWindow$ReceiveMsg >> Method: Utils.Log.PackageVtoCMsgContent(Log.java:201) ]
INFO:PackageVtoCMsg明文内容：
   SenderName：王腾忠 SenderID：3333333333 TS(时间戳)：1654583555212 Content：你好 数字签名：[72, 102, -29, -55, -29, -106, -30, 77, -85, -3, -72, 81, 4, 32, 80, 73, -36, -66, 18, -23, -124, 86, 92, 119, -121, -67, -96, 78, -128, 105, -109, 102, 33, -42, 8, 19, -42, -54, -58, -3, -43, -122, -127, 54, 62, -103, 95, -80, 48, 76, -64, 56, 26, -81, -96, -63, 3, 48, -13, 18, 112, -67, -51, -87, -76, 81, 11, 103, -15, -53, -42, 42, -102, 43, 84, 105, -25, 9, -93, -9, 10, 23, 13, -24, 39, -89, 19, 7, -20, 88, -82, 40, -57, -60, -89, 123, 49, -116, -70, -46, 65, -72, -28, 124, 59, -1, -75, -47, -41, -15, -64, 93, -1, 123, -83, -76, -36, -47, 70, 53, 127, 69, -35, -21, -45, 43, 42, 19, 52, 17, -66, -102, -105, 55, 46, 110, 114, -86, 43, -12, -88, -15, 88, -36, -79, -66, -113, -84, 1, 91, 60, -88, -87, 85, 118, -79, 108, -96, 65, 88, 121, -33, 51, -6, 44, 48, 11, -118, -32, 72, -85, 58, 11, 99, -34, 59, 99, 101, 123, -57, 113, -20, -50, -57, -84, 22, 49, -3, -113, -93, 25, 5, 75, -35, 95, -58, 87, -102, 47, 61, -67, 100, -83, -61, 4, 4, -22, 97, 11, 30, -101, -39, -98, -107, -53, 90, -53, 19, -26, -2, -125, -60, -23, -44, -25, -82, 66, -106, -23, 105, 31, -98, 61, -56, 127, 106, -64, -99, 113, -66, -28, 24, -85, -50, -116, -20, -54, -27, 47, -90, 67, 7, 10, 12, -10, -18]
2022-06-07 14:32:36 下午 [Thread: JavaFX Application Thread][ Class:ClientWindow.CWindow >> Method: Utils.Log.PackageCtoVMsgContent(Log.java:186) ]
INFO:PackageCtoVMsg明文内容：
   SenderName：秦国 SenderID：2222222222 TS(时间戳)：1654583556238 Content：adwa 数字签名：[47, -12, 60, -55, 84, -32, 67, -104, 63, -80, -114, 49, 70, 42, 91, -19, 39, 15, -112, -32, 100, 11, 26, 116, -34, -86, 81, -122, 4, -4, -127, 112, 122, -36, -123, -55, -10, 122, -95, -124, -13, -78, 39, -81, -75, 5, 101, 78, 127, -54, 108, 33, -122, -61, 3, 65, -9, -92, -66, 29, -39, 69, -48, 51, 98, -86, -51, -49, 58, -114, -1, 113, -11, -13, 42, 41, 78, -32, -3, -126, 125, -9, -64, 17, 5, 18, -71, -111, -91, 11, 25, 69, 31, 44, -79, 57, 32, -81, 61, -68, -117, -82, 35, -5, 37, 58, -56, 2, -106, 29, 8, 33, 107, 17, -119, -64, 97, -114, 63, -30, 15, -60, -125, 29, -108, 18, 18, 14, -72, 100, 35, -118, -126, 2, 48, 95, -127, 60, -75, 21, -45, -27, -10, -96, -17, -81, -109, -60, -30, 84, 116, -68, -45, -4, 70, -44, 88, 35, -108, -3, 52, 61, -104, 99, 62, 91, 70, 68, -96, 78, 126, 89, 87, -64, -103, -80, -27, 42, 43, -14, 9, 36, 1, -30, -21, -112, -109, -68, 115, -35, 8, 37, 9, 113, -118, 32, -94, 68, 110, -108, 91, -118, -65, 85, -57, -9, -14, -68, -87, -82, 29, 57, -46, -92, 36, 56, -63, 78, 69, 119, -18, 40, -119, 52, -24, 8, -53, 15, 86, 119, 120, -89, 118, -20, 24, -56, -93, 44, -49, 72, -115, -60, 63, -55, 50, 26, 69, -33, -94, -34, 44, -126, 50, 31, 27, 2]
   TicketV：[-24, -107, -66, -128, -111, -70, 109, -113, -119, 91, 35, 88, -39, -122, -101, 23, -27, 57, 66, 92, 73, -18, -21, 14, 107, 70, -69, 18, -24, -104, -74, -24, 61, -27, 90, -112, -33, 15, -11, -24, 61, -27, 90, -112, -33, 15, -11, -24, -58, -24, 77, -47, -56, -124, -88, -84, 121, -61, -123, 115, 91, -54, 56, -36, -12, 71, 95, 28, 17, 126, 40, 64, -28, -53, 11, 78, -94, -77, 87, -92, -43, -42, 53, 126, 56, 124, -85, -29, 121, -61, -123, 115, 91, -54, 56, -36, -12, 71, 95, 28, 17, 126, 40, 64, -11, -108, -35, -28, -5, -13, 90, 123, -23, 17, -59, 12, -40, -114, -4, -89, -41, -124, 122, -102, -5, -20, 10, -60, 45, -74, 125, 20, 35, 40, 40, 90, 127, -119, 53, 99, 113, 117, 126, 118, 118, 106, 77, -92, -109, 32, 77, 76, 121, -98, -45, 19, -120, 47, 11, -79, 0, -60, -103, -72, -5, -97, -31, -45]
2022-06-07 14:32:36 下午 [Thread: JavaFX Application Thread][ Class:ClientWindow.CWindow >> Method: Utils.Log.PackageCtoVMsgContent(Log.java:190) ]
INFO:PackageCtoVMsg密文内容：
   [-65, -73, -126, -121, 31, -100, 115, -25, 59, -128, 42, 13, -99, 10, -95, 127, 61, -27, 90, -112, -33, 15, -11, -24, 61, -27, 90, -112, -33, 15, -11, -24, 44, 121, -92, 101, -63, -12, 23, 55, -21, 14, 7, -31, -58, -84, 85, -5, -128, -102, -30, 98, 101, 98, 124, 101, 114, -61, 80, -128, -36, 68, -44, -69, 4, -121, -74, 59, -38, 13, -53, 11, -116, 38, 49, 87, 47, -18, 121, -77, 122, -76, -85, 29, -27, -101, -89, -80, 26, 6, -119, -90, 126, 97, 58, 8, 72, -30, 90, 86, 65, 114, -69, -126, -51, -39, -65, -20, 70, -118, 97, -61, -75, -68, 75, -36, 46, 42, -56, 125, 4, -14, 108, 9, 85, -83, -56, 8, 78, -21, -1, 38, 110, 84, 6, 5, -36, -24, 90, 30, 80, -114, -72, -65, 70, -90, -44, -51, 55, -24, 97, -42, 119, 121, -45, 41, 91, -91, 106, 96, 43, -92, 86, -72, -117, -95, -88, 2, 17, 6, -85, -36, 123, 53, -80, -71, -110, 56, -60, 116, 71, 53, -15, 8, -122, -46, -50, -34, -51, -38, 56, 105, -95, 114, -21, -93, 30, -38, 31, 104, 73, -60, -75, 105, -97, -42, 31, 118, -59, 38, 80, -85, -26, 7, -76, 89, 36, 122, -37, 65, -127, 48, -121, 114, -90, -120, 120, -121, 2, 124, 26, 46, -71, -104, -20, 107, -124, 72, -20, -63, -66, -113, -76, -115, 43, 107, 118, 105, -41, 39, 111, -64, -59, 80, 80, -25, 81, -50, -123, 64, -19, 8, -20, 119, -40, 38, -21, -113, -39, -93, -22, -75, 10, 122, -71, -10, 10, -60, 121, 31, -21, 78, -5, 33, 2, -87, 90, -78, 106, -50, 85, 108, 60, -71, -35, 70, -70, -1, -69, 56, -35, 19, 74, -29, -101, -59, -30, 76, 115, -68, 38, 117, -120, 62, -43, -52, 88, 108, 23, -55, 47, -69, -95, -46, 35, -111, -49, -41, 68, 123, -45, 120, -84, -101, -85, -31, 108, -68, 110, -2, -1, -34, -78, -21, -15, -40, 125, -117, 32, 58, -26, 38]
2022-06-07 14:32:36 下午 [Thread: JavaFX Application Thread][ Class:ClientWindow.CWindow >> Method: Utils.Log.sendPackageLog(Log.java:13) ]
DEBUG:客户端IDc：2222222222 发送 PackageCtoVPublicMsg 到 192.168.43.38
2022-06-07 14:32:36 下午 [Thread: Thread-4][ Class:ClientWindow.CWindow$ReceiveMsg >> Method: Utils.Log.receivePackageLog(Log.java:19) ]
DEBUG:客户端IDc：2222222222 接收 PackageVtoCPublicMsg 来自 192.168.43.38
2022-06-07 14:32:36 下午 [Thread: Thread-4][ Class:ClientWindow.CWindow$ReceiveMsg >> Method: Utils.Log.PackageVtoCMsgContent(Log.java:201) ]
INFO:PackageVtoCMsg明文内容：
   SenderName：秦国 SenderID：2222222222 TS(时间戳)：1654583556238 Content：adwa 数字签名：[47, -12, 60, -55, 84, -32, 67, -104, 63, -80, -114, 49, 70, 42, 91, -19, 39, 15, -112, -32, 100, 11, 26, 116, -34, -86, 81, -122, 4, -4, -127, 112, 122, -36, -123, -55, -10, 122, -95, -124, -13, -78, 39, -81, -75, 5, 101, 78, 127, -54, 108, 33, -122, -61, 3, 65, -9, -92, -66, 29, -39, 69, -48, 51, 98, -86, -51, -49, 58, -114, -1, 113, -11, -13, 42, 41, 78, -32, -3, -126, 125, -9, -64, 17, 5, 18, -71, -111, -91, 11, 25, 69, 31, 44, -79, 57, 32, -81, 61, -68, -117, -82, 35, -5, 37, 58, -56, 2, -106, 29, 8, 33, 107, 17, -119, -64, 97, -114, 63, -30, 15, -60, -125, 29, -108, 18, 18, 14, -72, 100, 35, -118, -126, 2, 48, 95, -127, 60, -75, 21, -45, -27, -10, -96, -17, -81, -109, -60, -30, 84, 116, -68, -45, -4, 70, -44, 88, 35, -108, -3, 52, 61, -104, 99, 62, 91, 70, 68, -96, 78, 126, 89, 87, -64, -103, -80, -27, 42, 43, -14, 9, 36, 1, -30, -21, -112, -109, -68, 115, -35, 8, 37, 9, 113, -118, 32, -94, 68, 110, -108, 91, -118, -65, 85, -57, -9, -14, -68, -87, -82, 29, 57, -46, -92, 36, 56, -63, 78, 69, 119, -18, 40, -119, 52, -24, 8, -53, 15, 86, 119, 120, -89, 118, -20, 24, -56, -93, 44, -49, 72, -115, -60, 63, -55, 50, 26, 69, -33, -94, -34, 44, -126, 50, 31, 27, 2]
2022-06-07 14:32:36 下午 [Thread: Thread-4][ Class:ClientWindow.CWindow$ReceiveMsg >> Method: Utils.Log.receivePackageLog(Log.java:19) ]
DEBUG:客户端IDc：2222222222 接收 PackageVtoCPublicMsg 来自 192.168.43.38
2022-06-07 14:32:36 下午 [Thread: Thread-4][ Class:ClientWindow.CWindow$ReceiveMsg >> Method: Utils.Log.PackageVtoCMsgContent(Log.java:201) ]
INFO:PackageVtoCMsg明文内容：
   SenderName：李浩 SenderID：1111111111 TS(时间戳)：1654583556642 Content：qqqqqqq 数字签名：[15, 44, 48, 60, -14, -110, 96, -18, 54, 44, -108, 93, -96, -116, -50, 125, -101, 32, 127, -23, -33, -83, 117, -4, 113, -6, 84, -86, -18, 115, -105, -13, 77, -94, -67, -4, -8, -44, -12, -12, 28, 81, 77, -76, 27, 105, -124, 56, -66, 34, 100, 60, -91, 109, 23, -122, 82, -78, -125, 27, 26, 115, -28, -10, -6, -85, -59, -20, -118, 41, 20, -111, 64, -46, 32, -86, -38, 121, -21, 81, 12, 76, 28, -49, 94, 127, -85, -84, -79, -65, 19, 103, -13, -128, 86, -3, 35, -40, -42, -94, 72, 73, -117, 59, 40, -18, 7, 34, -51, -28, 63, 42, -113, -51, 111, 71, 115, -25, -107, -122, 93, -1, -35, -41, 73, 78, 55, 103, -21, -91, -45, -51, -127, -68, -82, -25, -80, -25, -88, 41, 106, 123, 60, -53, 84, 107, -24, 17, 110, -76, 87, -77, -112, -46, -91, 35, 37, -116, -66, 4, 54, -21, 104, 76, -82, 57, 41, 85, -107, -47, -126, 106, 10, -91, 5, 115, 84, 79, -24, -108, 42, -32, 102, -56, 21, -122, 69, 28, 28, -12, 116, -40, -61, -34, -22, -94, -18, -122, 46, 109, -25, -86, -97, -17, -115, -74, -30, -35, -58, 52, -38, 40, -14, 45, 42, 70, -27, 50, 58, -121, -107, 1, 117, 64, -48, 52, 127, -118, 45, -80, -108, 121, -82, -111, 115, -47, -83, 89, -62, 12, 98, 104, -56, -31, -18, 23, 99, -88, -53, -30, 5, -31, 118, -39, -94, 64]
2022-06-07 14:32:38 下午 [Thread: Thread-4][ Class:ClientWindow.CWindow$ReceiveMsg >> Method: Utils.Log.receivePackageLog(Log.java:19) ]
DEBUG:客户端IDc：2222222222 接收 PackageVtoCPublicMsg 来自 192.168.43.38
2022-06-07 14:32:38 下午 [Thread: Thread-4][ Class:ClientWindow.CWindow$ReceiveMsg >> Method: Utils.Log.PackageVtoCMsgContent(Log.java:201) ]
INFO:PackageVtoCMsg明文内容：
   SenderName：何澳 SenderID：4444444444 TS(时间戳)：1654583557173 Content：h 数字签名：[39, 121, 60, -21, -80, -81, -127, -113, -99, 61, 8, 9, 64, 28, 89, -64, -64, -17, 113, 30, -8, 67, 78, 0, 127, 97, 70, -39, 52, -39, 121, 58, 40, -100, 9, -36, -18, 107, 4, -109, -102, 123, 79, 12, -24, -64, 5, -50, 105, -118, -93, -62, 101, 72, 110, -79, -98, 10, 9, 44, 53, 63, -82, 59, 42, 10, -117, -12, 115, 97, -42, -48, -12, 42, -16, 79, 22, -63, 36, 75, -51, 93, 60, 85, -29, -57, 28, -55, -96, 120, -70, 7, 1, 94, -65, 54, 12, -58, -23, -92, 70, -72, -70, -114, 27, -99, -15, -112, 39, 90, 40, -75, -53, 120, -23, 56, 64, -119, -17, 19, -59, -68, -16, -63, 96, 62, 49, -112, 111, -73, 73, -65, 44, -96, -93, -74, 8, -64, -67, -32, -10, -10, 111, 70, -104, -94, 1, -58, -28, 37, -126, -100, 24, -103, 25, 26, 93, 98, 93, 101, 112, -18, 123, -111, -13, -96, 78, 106, 27, -113, 2, -23, 82, 90, 14, 14, -16, -54, 127, -78, 12, -121, -123, 117, -8, 81, 92, -106, 20, 107, -68, 57, -24, -82, -14, 38, 50, 62, -126, 108, 61, -72, 107, 53, 4, 43, 46, 106, 101, -45, 50, -121, 3, 5, -113, 28, 78, -126, 79, 49, 38, 70, 25, 61, 0, 36, -28, -94, -34, 9, -68, 83, -66, -93, -125, 19, -117, -37, 29, 7, -73, 87, -78, 117, -107, -8, 75, -101, -30, 115, 41, 48, -26, 75, -14, -47]
